pwd().

C:/Program Files/erl6.3/usr

ok

2>cd("C:/Users/Felhasználó/Desktop").      

C:/Users/Felhasználó/Desktop

ok

3> pwd().

C:/Users/Felhasználó/Desktop

ok

4> c(masodik).

{ok,masodik}

5> masodik:module_info(compile).

[{options,[]},

 {version,"5.0.3"},

 {time,{2015,2,25,2,3,37}},

 {source,"c:/Users/Felhasználó/Desktop/masodik.erl"}]

6> masodik:f(alma)==masodik:f(3).

false

7> masodik:f(2#1100)<masodik:f(2#110).

false

8> masodik:f(2#1100)>masodik:f(2#110).

true

9> q().

ok

10> 